<?xml version="1.0" encoding="UTF-8"?>
<!-- Generated by org.testng.reporters.JUnitReportReporter -->
<testsuite hostname="LAPTOP-FBQ671D5" failures="0" tests="1" name="com.hrms.testscripts.TC001" time="9.699" errors="0" timestamp="16 Aug 2022 10:09:12 GMT">
  <testcase classname="com.hrms.testscripts.TC001" name="tc001" time="9.699"/>
</testsuite> <!-- com.hrms.testscripts.TC001 -->
