<?xml version="1.0" encoding="UTF-8"?>
<!-- Generated by org.testng.reporters.JUnitReportReporter -->
<testsuite hostname="LAPTOP-FBQ671D5" failures="0" tests="1" name="com.hrms.testscripts.TC002" time="5.669" errors="0" timestamp="12 Aug 2022 22:46:07 GMT">
  <testcase classname="com.hrms.testscripts.TC002" name="tc002" time="5.669"/>
</testsuite> <!-- com.hrms.testscripts.TC002 -->
